<?xml version="1.0" encoding="UTF-8"?>
<!-- Generated by org.testng.reporters.JUnitReportReporter -->
<testsuite hostname="Sai-PC" name="day16.CalanderWebtable" tests="1" failures="0" timestamp="10 Nov 2016 12:39:37 GMT" time="76.720" errors="0">
  <testcase name="calanderTest" time="76.720" classname="day16.CalanderWebtable"/>
</testsuite> <!-- day16.CalanderWebtable -->
