<?xml version="1.0" encoding="UTF-8"?>
<!-- Generated by org.testng.reporters.JUnitReportReporter -->
<testsuite hostname="Sai-PC" name="day15.SliderAutomation" tests="1" failures="0" timestamp="9 Nov 2016 12:49:56 GMT" time="0.775" errors="0">
  <testcase name="slidertest" time="0.775" classname="day15.SliderAutomation"/>
</testsuite> <!-- day15.SliderAutomation -->
