<?xml version="1.0" encoding="UTF-8"?>
<!-- Generated by org.testng.reporters.JUnitReportReporter -->
<testsuite hostname="Sai-PC" name="day9.Sample" tests="2" failures="0" timestamp="27 Oct 2016 12:21:29 GMT" time="0.030" errors="0">
  <testcase name="registrationTest" time="0.010" classname="day9.Sample"/>
  <testcase name="loginTest" time="0.020" classname="day9.Sample"/>
</testsuite> <!-- day9.Sample -->
