<?xml version="1.0" encoding="UTF-8"?>
<!-- Generated by org.testng.reporters.JUnitReportReporter -->
<testsuite hostname="Sai-PC" name="day14.TabandPoupHandling2" tests="1" failures="0" timestamp="8 Nov 2016 12:11:08 GMT" time="8.267" errors="0">
  <testcase name="windowTest" time="8.267" classname="day14.TabandPoupHandling2"/>
</testsuite> <!-- day14.TabandPoupHandling2 -->
