<?xml version="1.0" encoding="UTF-8"?>
<!-- Generated by org.testng.reporters.JUnitReportReporter -->
<testsuite hostname="Sai-PC" name="day28.pomtestcases.TestCase2" tests="1" failures="0" timestamp="14 Dec 2016 12:28:12 GMT" time="35.993" errors="0">
  <testcase name="registrationTest" time="35.993" classname="day28.pomtestcases.TestCase2"/>
</testsuite> <!-- day28.pomtestcases.TestCase2 -->
