<?xml version="1.0" encoding="UTF-8"?>
<!-- Generated by org.testng.reporters.JUnitReportReporter -->
<testsuite hostname="Sai-PC" name="day15.DragandDrop" tests="1" failures="0" timestamp="9 Nov 2016 12:35:18 GMT" time="0.320" errors="0">
  <testcase name="dragandDropTest" time="0.320" classname="day15.DragandDrop"/>
</testsuite> <!-- day15.DragandDrop -->
