<?xml version="1.0" encoding="UTF-8"?>
<!-- Generated by org.testng.reporters.JUnitReportReporter -->
<testsuite hostname="Sai-PC" name="day21.DatadrivenTesting1" tests="1" failures="0" timestamp="18 Nov 2016 12:44:32 GMT" time="12.063" errors="0">
  <testcase name="registrationTest" time="12.063" classname="day21.DatadrivenTesting1"/>
</testsuite> <!-- day21.DatadrivenTesting1 -->
