<?xml version="1.0" encoding="UTF-8"?>
<!-- Generated by org.testng.reporters.JUnitReportReporter -->
<testsuite hostname="Sai-PC" name="day5.DropdownOnGrid" tests="2" failures="0" timestamp="16 Oct 2016 14:53:59 GMT" time="39.360" errors="0">
  <testcase name="dropdownTest" time="25.438" classname="day5.DropdownOnGrid"/>
  <testcase name="dropdownTest" time="13.922" classname="day5.DropdownOnGrid"/>
</testsuite> <!-- day5.DropdownOnGrid -->
