<?xml version="1.0" encoding="UTF-8"?>
<!-- Generated by org.testng.reporters.JUnitReportReporter -->
<testsuite hostname="Sai-PC" name="day11.XpathCreation" tests="1" failures="0" timestamp="2 Nov 2016 11:44:37 GMT" time="7.944" errors="0">
  <testcase name="linksTest" time="7.944" classname="day11.XpathCreation"/>
</testsuite> <!-- day11.XpathCreation -->
