<?xml version="1.0" encoding="UTF-8"?>
<!-- Generated by org.testng.reporters.JUnitReportReporter -->
<testsuite hostname="Sai-PC" name="day18.RadioButtonsTesting" tests="1" failures="0" timestamp="14 Nov 2016 12:31:17 GMT" time="1.159" errors="0">
  <testcase name="radioButtonsTest" time="1.159" classname="day18.RadioButtonsTesting"/>
</testsuite> <!-- day18.RadioButtonsTesting -->
