<?xml version="1.0" encoding="UTF-8"?>
<!-- Generated by org.testng.reporters.JUnitReportReporter -->
<testsuite hostname="Sai-PC" name="day14.FramesAutomation" tests="1" failures="0" timestamp="8 Nov 2016 12:51:56 GMT" time="0.523" errors="0">
  <testcase name="framesTest" time="0.523" classname="day14.FramesAutomation"/>
</testsuite> <!-- day14.FramesAutomation -->
