<?xml version="1.0" encoding="UTF-8"?>
<!-- Generated by org.testng.reporters.JUnitReportReporter -->
<testsuite hostname="Sai-PC" name="day12.DynamicCSSSelectors" tests="1" failures="0" timestamp="3 Nov 2016 12:24:09 GMT" time="2.957" errors="0">
  <testcase name="cssTest" time="2.957" classname="day12.DynamicCSSSelectors"/>
</testsuite> <!-- day12.DynamicCSSSelectors -->
