<?xml version="1.0" encoding="UTF-8"?>
<!-- Generated by org.testng.reporters.JUnitReportReporter -->
<testsuite hostname="Sai-PC" name="day17.CookiesTesting" tests="1" failures="0" timestamp="11 Nov 2016 12:28:58 GMT" time="0.138" errors="0">
  <testcase name="cookiesTest" time="0.138" classname="day17.CookiesTesting"/>
</testsuite> <!-- day17.CookiesTesting -->
