<?xml version="1.0" encoding="UTF-8"?>
<!-- Generated by org.testng.reporters.JUnitReportReporter -->
<testsuite hostname="Sai-PC" name="day22.testsuite.AddEmployee" tests="1" failures="0" timestamp="15 Dec 2016 12:19:28 GMT" time="4.524" errors="0">
  <testcase name="addEmployeetest" time="4.524" classname="day22.testsuite.AddEmployee"/>
</testsuite> <!-- day22.testsuite.AddEmployee -->
