<?xml version="1.0" encoding="UTF-8"?>
<!-- Generated by org.testng.reporters.JUnitReportReporter -->
<testsuite hostname="Sai-PC" name="day13.ExplicitWait_WebDriverwait" tests="1" failures="0" timestamp="4 Nov 2016 12:19:49 GMT" time="18.616" errors="0">
  <testcase name="waitTest" time="18.616" classname="day13.ExplicitWait_WebDriverwait"/>
</testsuite> <!-- day13.ExplicitWait_WebDriverwait -->
