<?xml version="1.0" encoding="UTF-8"?>
<!-- Generated by org.testng.reporters.JUnitReportReporter -->
<testsuite hostname="Sai-PC" name="day28.pomtestcases.TestCase1" tests="1" failures="0" timestamp="13 Dec 2016 12:50:15 GMT" time="17.079" errors="0">
  <testcase name="loginTest" time="17.079" classname="day28.pomtestcases.TestCase1"/>
</testsuite> <!-- day28.pomtestcases.TestCase1 -->
