<?xml version="1.0" encoding="UTF-8"?>
<!-- Generated by org.testng.reporters.JUnitReportReporter -->
<testsuite hostname="Sai-PC" name="day18.AlertAutomation" tests="1" failures="0" timestamp="14 Nov 2016 11:51:37 GMT" time="3.131" errors="0">
  <testcase name="alertTest" time="3.131" classname="day18.AlertAutomation"/>
</testsuite> <!-- day18.AlertAutomation -->
