<?xml version="1.0" encoding="UTF-8"?>
<!-- Generated by org.testng.reporters.JUnitReportReporter -->
<testsuite hostname="Sai-PC" name="day23.LoginUsingKeywords" tests="1" failures="0" timestamp="24 Nov 2016 12:35:36 GMT" time="13.426" errors="0">
  <testcase name="loginTest" time="13.426" classname="day23.LoginUsingKeywords"/>
</testsuite> <!-- day23.LoginUsingKeywords -->
