<?xml version="1.0" encoding="UTF-8"?>
<!-- Generated by org.testng.reporters.JUnitReportReporter -->
<testsuite hostname="Sai-PC" name="day18.CheckBoxTesting" tests="1" failures="0" timestamp="14 Nov 2016 12:50:05 GMT" time="0.780" errors="0">
  <testcase name="checkBoxTesting" time="0.780" classname="day18.CheckBoxTesting"/>
</testsuite> <!-- day18.CheckBoxTesting -->
