<?xml version="1.0" encoding="UTF-8"?>
<!-- Generated by org.testng.reporters.JUnitReportReporter -->
<testsuite hostname="Sai-PC" name="day15.MouseHovering" tests="1" failures="0" timestamp="14 Nov 2016 12:04:53 GMT" time="5.470" errors="0">
  <testcase name="mouseHoverTest" time="5.470" classname="day15.MouseHovering"/>
</testsuite> <!-- day15.MouseHovering -->
