<?xml version="1.0" encoding="UTF-8"?>
<!-- Generated by org.testng.reporters.JUnitReportReporter -->
<testsuite hostname="Sai-PC" name="day23.LoginusingProperties" tests="1" failures="0" timestamp="24 Nov 2016 11:59:41 GMT" time="3.313" errors="0">
  <testcase name="loginTest" time="3.313" classname="day23.LoginusingProperties"/>
</testsuite> <!-- day23.LoginusingProperties -->
