<?xml version="1.0" encoding="UTF-8"?>
<!-- Generated by org.testng.reporters.JUnitReportReporter -->
<testsuite hostname="Sai-PC" name="day24.LoginUsingGrid" tests="1" failures="0" timestamp="29 Nov 2016 12:59:16 GMT" time="12.206" errors="0">
  <testcase name="loginTest" time="12.206" classname="day24.LoginUsingGrid"/>
</testsuite> <!-- day24.LoginUsingGrid -->
