<?xml version="1.0" encoding="UTF-8"?>
<!-- Generated by org.testng.reporters.JUnitReportReporter -->
<testsuite hostname="Sai-PC" name="day22.testsuite.Logout" tests="1" failures="0" timestamp="15 Dec 2016 12:19:28 GMT" time="1.216" errors="0">
  <testcase name="logoutTest" time="1.216" classname="day22.testsuite.Logout"/>
</testsuite> <!-- day22.testsuite.Logout -->
