<?xml version="1.0" encoding="UTF-8"?>
<!-- Generated by org.testng.reporters.JUnitReportReporter -->
<testsuite hostname="Sai-PC" name="day15.RightClick" tests="1" failures="0" timestamp="9 Nov 2016 12:20:36 GMT" time="0.866" errors="0">
  <testcase name="rightClicktest" time="0.866" classname="day15.RightClick"/>
</testsuite> <!-- day15.RightClick -->
