<?xml version="1.0" encoding="UTF-8"?>
<!-- Generated by org.testng.reporters.JUnitReportReporter -->
<testsuite hostname="Sai-PC" name="day13.ExplicitWaitFluentwait" tests="1" failures="0" timestamp="4 Nov 2016 12:44:56 GMT" time="19.600" errors="0">
  <testcase name="waitTest" time="19.600" classname="day13.ExplicitWaitFluentwait"/>
</testsuite> <!-- day13.ExplicitWaitFluentwait -->
