<?xml version="1.0" encoding="UTF-8"?>
<!-- Generated by org.testng.reporters.JUnitReportReporter -->
<testsuite hostname="Sai-PC" name="day16.WebtableTesting" tests="1" failures="0" timestamp="15 Nov 2016 12:51:07 GMT" time="5.468" errors="0">
  <testcase name="webtableTest" time="5.468" classname="day16.WebtableTesting"/>
</testsuite> <!-- day16.WebtableTesting -->
