<?xml version="1.0" encoding="UTF-8"?>
<!-- Generated by org.testng.reporters.JUnitReportReporter -->
<testsuite hostname="Sai-PC" name="day24.LoginUsingReflections" tests="1" failures="0" timestamp="29 Nov 2016 11:43:59 GMT" time="22.516" errors="0">
  <testcase name="loginTest" time="22.516" classname="day24.LoginUsingReflections"/>
</testsuite> <!-- day24.LoginUsingReflections -->
