<?xml version="1.0" encoding="UTF-8"?>
<!-- Generated by org.testng.reporters.JUnitReportReporter -->
<testsuite hostname="Sai-PC" name="day11.DynamicXpaths" tests="1" failures="0" timestamp="2 Nov 2016 12:16:30 GMT" time="3.483" errors="0">
  <testcase name="xpathTest" time="3.483" classname="day11.DynamicXpaths"/>
</testsuite> <!-- day11.DynamicXpaths -->
