<?xml version="1.0" encoding="UTF-8"?>
<!-- Generated by org.testng.reporters.JUnitReportReporter -->
<testsuite hostname="Sai-PC" name="day26.CloudTesting" tests="3" failures="0" timestamp="15 Dec 2016 03:09:05 GMT" time="947.498" errors="0">
  <testcase name="dropdownTesting" time="298.721" classname="day26.CloudTesting"/>
  <testcase name="dropdownTesting" time="304.688" classname="day26.CloudTesting"/>
  <testcase name="dropdownTesting" time="344.089" classname="day26.CloudTesting"/>
</testsuite> <!-- day26.CloudTesting -->
