<?xml version="1.0" encoding="UTF-8"?>
<!-- Generated by org.testng.reporters.JUnitReportReporter -->
<testsuite hostname="Sai-PC" name="day22.testsuite.DeleteEmployee" tests="1" failures="0" timestamp="15 Dec 2016 12:19:28 GMT" time="20.984" errors="0">
  <testcase name="delempTest" time="20.984" classname="day22.testsuite.DeleteEmployee"/>
</testsuite> <!-- day22.testsuite.DeleteEmployee -->
