<?xml version="1.0" encoding="UTF-8"?>
<!-- Generated by org.testng.reporters.JUnitReportReporter -->
<testsuite hostname="Sai-PC" name="day22.testsuite.Login" tests="1" failures="0" timestamp="15 Dec 2016 12:19:28 GMT" time="18.362" errors="0">
  <testcase name="loginTest" time="18.362" classname="day22.testsuite.Login"/>
</testsuite> <!-- day22.testsuite.Login -->
