<?xml version="1.0" encoding="UTF-8"?>
<!-- Generated by org.testng.reporters.JUnitReportReporter -->
<testsuite hostname="Sai-PC" name="day14.TabandPopupHandling" tests="1" failures="0" timestamp="8 Nov 2016 11:50:45 GMT" time="9.050" errors="0">
  <testcase name="windowTest" time="9.050" classname="day14.TabandPopupHandling"/>
</testsuite> <!-- day14.TabandPopupHandling -->
