<?xml version="1.0" encoding="UTF-8"?>
<!-- Generated by org.testng.reporters.JUnitReportReporter -->
<testsuite hostname="Sai-PC" name="day17.AjaxTesting" tests="1" failures="0" timestamp="11 Nov 2016 12:00:20 GMT" time="3.513" errors="0">
  <testcase name="ajaxTest" time="3.513" classname="day17.AjaxTesting"/>
</testsuite> <!-- day17.AjaxTesting -->
