<?xml version="1.0" encoding="UTF-8"?>
<!-- Generated by org.testng.reporters.JUnitReportReporter -->
<testsuite hostname="Sai-PC" name="day18.HiddenElement" tests="1" failures="0" timestamp="14 Nov 2016 12:22:21 GMT" time="4.132" errors="0">
  <testcase name="elementTest" time="4.132" classname="day18.HiddenElement"/>
</testsuite> <!-- day18.HiddenElement -->
