<?xml version="1.0" encoding="UTF-8"?>
<!-- Generated by org.testng.reporters.JUnitReportReporter -->
<testsuite hostname="Sai-PC" name="day19.WebtableExcel" tests="1" failures="0" timestamp="15 Nov 2016 12:56:06 GMT" time="6.676" errors="0">
  <testcase name="webtableTest" time="6.676" classname="day19.WebtableExcel"/>
</testsuite> <!-- day19.WebtableExcel -->
